<?xml version="1.0" encoding="UTF-8"?>
<!-- Generated by org.testng.reporters.JUnitReportReporter -->
<testsuite hostname="DESKTOP-VDV5DHG" failures="0" tests="1" name="driverFactory.AppTest" time="137.026" errors="0" timestamp="2024-03-11T13:20:37 IST" skipped="0">
  <testcase classname="driverFactory.AppTest" name="startTest" time="137.026">
    <system-out>
      <![CDATA[No of rows are::10
customer number matching::Customer-00000003245  Customer-00000003245
customer number matching::Customer-00000003246  Customer-00000003246
customer number matching::Customer-00000003247  Customer-00000003247
customer number matching::Customer-00000003248  Customer-00000003248
customer number matching::Customer-00000003249  Customer-00000003249
customer number matching::Customer-00000003250  Customer-00000003250
customer number matching::Customer-00000003251  Customer-00000003251
customer number matching::Customer-00000003252  Customer-00000003252
customer number matching::Customer-00000003253  Customer-00000003253
customer number matching::Customer-00000003254  Customer-00000003254]]>
    </system-out>
  </testcase> <!-- startTest -->
  <system-out>
    <![CDATA[No of rows are::10
customer number matching::Customer-00000003245  Customer-00000003245
customer number matching::Customer-00000003246  Customer-00000003246
customer number matching::Customer-00000003247  Customer-00000003247
customer number matching::Customer-00000003248  Customer-00000003248
customer number matching::Customer-00000003249  Customer-00000003249
customer number matching::Customer-00000003250  Customer-00000003250
customer number matching::Customer-00000003251  Customer-00000003251
customer number matching::Customer-00000003252  Customer-00000003252
customer number matching::Customer-00000003253  Customer-00000003253
customer number matching::Customer-00000003254  Customer-00000003254]]>
  </system-out>
</testsuite> <!-- driverFactory.AppTest -->
